{
  "hash" : "f0f9583e3b2974a632a09536fa6cd0de93829600",
  "data" : [ {
    "name" : "defects",
    "type" : "DEFECTS",
    "data" : [ {
      "count" : 3,
      "message" : "NullPointerException: null",
      "status" : "BROKEN"
    }, {
      "count" : 1,
      "message" : "NoSuchElementException: no such element: Unable to locate element: {\"method\":\"xpath\",\"selector\":\"//a[@role='button' and contains (@title, 'Account')]\"}\n  (Session info: chrome=54.0.2840.99)\n  (Driver info: chromedriver=2.25.426923 (0390b88869384d6eb0d5d09729679f934aab9eed),platform=Windows NT 6.1.7601 SP1 x86_64) (WARNING: The server did not provide any stacktrace information)\nCommand duration or timeout: 10.59 seconds\nFor documentation on this error, please visit: http://seleniumhq.org/exceptions/no_such_element.html\nBuild info: version: '2.53.0', revision: '35ae25b1534ae328c771e0856c93e187490ca824', time: '2016-03-15 10:43:46'\nSystem info: host: 'BEDNYAKOVA7', ip: '10.10.101.12', os.name: 'Windows 7', os.arch: 'amd64', os.version: '6.1', java.version: '1.8.0_71'\nDriver info: org.openqa.selenium.chrome.ChromeDriver\nCapabilities [{applicationCacheEnabled=false, rotatable=false, mobileEmulationEnabled=false, networkConnectionEnabled=false, chrome={chromedriverVersion=2.25.426923 (0390b88869384d6eb0d5d09729679f934aab9eed), userDataDir=C:\\Users\\CHRIST~1\\AppData\\Local\\Temp\\scoped_dir12092_2096}, takesHeapSnapshot=true, pageLoadStrategy=normal, databaseEnabled=false, handlesAlerts=true, hasTouchScreen=false, version=54.0.2840.99, platform=XP, browserConnectionEnabled=false, nativeEvents=true, acceptSslCerts=true, locationContextEnabled=true, webStorageEnabled=true, browserName=chrome, takesScreenshot=true, javascriptEnabled=true, cssSelectorsEnabled=true}]\nSession ID: 45cc67787f139eae0ebc6f82aa91e596\n*** Element info: {Using=xpath, value=//a[@role='button' and contains (@title, 'Account')]}",
      "status" : "BROKEN"
    }, {
      "count" : 1,
      "message" : "UnhandledAlertException: unexpected alert open: {Alert text : There is currently a request to the server pending. You may lose recent changes by navigating away.\nYour message has not been sent.}\n  (Session info: chrome=54.0.2840.99)\n  (Driver info: chromedriver=2.25.426923 (0390b88869384d6eb0d5d09729679f934aab9eed),platform=Windows NT 6.1.7601 SP1 x86_64) (WARNING: The server did not provide any stacktrace information)\nCommand duration or timeout: 4 milliseconds: null\nBuild info: version: '2.53.0', revision: '35ae25b1534ae328c771e0856c93e187490ca824', time: '2016-03-15 10:43:46'\nSystem info: host: 'BEDNYAKOVA7', ip: '10.10.101.12', os.name: 'Windows 7', os.arch: 'amd64', os.version: '6.1', java.version: '1.8.0_71'\nDriver info: org.openqa.selenium.chrome.ChromeDriver\nCapabilities [{applicationCacheEnabled=false, rotatable=false, mobileEmulationEnabled=false, networkConnectionEnabled=false, chrome={chromedriverVersion=2.25.426923 (0390b88869384d6eb0d5d09729679f934aab9eed), userDataDir=C:\\Users\\CHRIST~1\\AppData\\Local\\Temp\\scoped_dir10620_19133}, takesHeapSnapshot=true, pageLoadStrategy=normal, databaseEnabled=false, handlesAlerts=true, hasTouchScreen=false, version=54.0.2840.99, platform=XP, browserConnectionEnabled=false, nativeEvents=true, acceptSslCerts=true, locationContextEnabled=true, webStorageEnabled=true, browserName=chrome, takesScreenshot=true, javascriptEnabled=true, cssSelectorsEnabled=true}]\nSession ID: 4abccc2770663a502e5b148692ee6692\n*** Element info: {Using=css selector, value=#Email}",
      "status" : "BROKEN"
    }, {
      "count" : 1,
      "message" : "UnhandledAlertException: unexpected alert open: {Alert text : There is currently a request to the server pending. You may lose recent changes by navigating away.\nYour message has not been sent.}\n  (Session info: chrome=54.0.2840.99)\n  (Driver info: chromedriver=2.25.426923 (0390b88869384d6eb0d5d09729679f934aab9eed),platform=Windows NT 6.1.7601 SP1 x86_64) (WARNING: The server did not provide any stacktrace information)\nCommand duration or timeout: 4 milliseconds: null\nBuild info: version: '2.53.0', revision: '35ae25b1534ae328c771e0856c93e187490ca824', time: '2016-03-15 10:43:46'\nSystem info: host: 'BEDNYAKOVA7', ip: '10.10.101.12', os.name: 'Windows 7', os.arch: 'amd64', os.version: '6.1', java.version: '1.8.0_71'\nDriver info: org.openqa.selenium.chrome.ChromeDriver\nCapabilities [{applicationCacheEnabled=false, rotatable=false, mobileEmulationEnabled=false, networkConnectionEnabled=false, chrome={chromedriverVersion=2.25.426923 (0390b88869384d6eb0d5d09729679f934aab9eed), userDataDir=C:\\Users\\CHRIST~1\\AppData\\Local\\Temp\\scoped_dir10620_19133}, takesHeapSnapshot=true, pageLoadStrategy=normal, databaseEnabled=false, handlesAlerts=true, hasTouchScreen=false, version=54.0.2840.99, platform=XP, browserConnectionEnabled=false, nativeEvents=true, acceptSslCerts=true, locationContextEnabled=true, webStorageEnabled=true, browserName=chrome, takesScreenshot=true, javascriptEnabled=true, cssSelectorsEnabled=true}]\nSession ID: 4abccc2770663a502e5b148692ee6692",
      "status" : "BROKEN"
    } ]
  }, {
    "name" : "xunit",
    "type" : "TITLE_STATISTICS",
    "data" : [ {
      "title" : "Surefire suite : Surefire test",
      "statistic" : {
        "total" : 11,
        "passed" : 3,
        "pending" : 0,
        "canceled" : 2,
        "failed" : 0,
        "broken" : 6
      }
    } ]
  }, {
    "name" : "behaviors",
    "type" : "TITLE_STATISTICS",
    "data" : [ {
      "title" : "Without feature",
      "statistic" : {
        "total" : 11,
        "passed" : 3,
        "pending" : 0,
        "canceled" : 2,
        "failed" : 0,
        "broken" : 6
      }
    } ]
  }, {
    "name" : "environment",
    "type" : "KEY_VALUE",
    "data" : [ ]
  } ]
}